Please run ./configure first
You're using Qt 3
Please install Qt >= 4.1 or set QTDIR to Qt4 installation path
Using Qt: 4.1.0
Wed Feb 22 16:28:30 COT 2006
###################################
-> Using DEBUG support
###################################
Cleaning...
Compiling DOMS 0.1alpha-svn...
Go for a coffee cup ;)
ccbutton.cpp: In member function `virtual QSize CCButton::sizeHint() const':
ccbutton.cpp:116: warning: unused variable 'radio'
ccbutton.cpp: At global scope:
ccbutton.cpp:207: warning: unused parameter 'e'
In file included from dapplication.h:28,
                 from danimwidget.cpp:22:
../../../src/dartlib/dcore/dthememanager.h:24:30: QXmlDefaultHandler: No such file or directory
In file included from dapplication.h:28,
                 from danimwidget.cpp:22:
../../../src/dartlib/dcore/dthememanager.h:33: error: expected class-name before '{' token
../../../src/dartlib/dcore/dthememanager.h:41: error: expected `,' or `...' before '&' token
../../../src/dartlib/dcore/dthememanager.h:41: error: ISO C++ forbids declaration of `QXmlAttributes' with no type
../../../src/dartlib/dcore/dthememanager.h:45: error: expected `,' or `...' before '&' token
../../../src/dartlib/dcore/dthememanager.h:45: error: ISO C++ forbids declaration of `QXmlParseException' with no type
../../../src/dartlib/dcore/dthememanager.h:46: error: expected `,' or `...' before '&' token
../../../src/dartlib/dcore/dthememanager.h:46: error: ISO C++ forbids declaration of `QXmlParseException' with no type
../../../src/dartlib/dcore/dthememanager.h:50: error: expected `,' or `...' before '&' token
../../../src/dartlib/dcore/dthememanager.h:50: error: ISO C++ forbids declaration of `QXmlAttributes' with no type
In file included from ../../../src/dartlib/dcore/dconfig.h:28,
                 from dapplication.h:29,
                 from danimwidget.cpp:22:
../../../src/dartlib/dcore/dconfigdocument.h:24:24: QDomDocument: No such file or directory
../../../src/dartlib/dcore/dconfigdocument.h:25:23: QDomElement: No such file or directory
In file included from ../../../src/dartlib/dcore/dconfig.h:28,
                 from dapplication.h:29,
                 from danimwidget.cpp:22:
../../../src/dartlib/dcore/dconfigdocument.h:35: error: expected class-name before '{' token
../../../src/dartlib/dcore/dconfigdocument.h:56: error: `QDomElement' does not name a type
../../../src/dartlib/dcore/dconfigdocument.h:59: error: `QDomElement' was not declared in this scope
../../../src/dartlib/dcore/dconfigdocument.h:59: error: template argument 2 is invalid
../../../src/dartlib/dcore/dconfigdocument.h:59: error: ISO C++ forbids declaration of `m_groups' with no type
../../../src/dartlib/dcore/dconfigdocument.h:61: error: `QDomElement' does not name a type
danimwidget.cpp: In member function `virtual void DAnimWidget::timerEvent(QTimerEvent*)':
danimwidget.cpp:117: warning: converting to `int' from `qreal'
danimwidget.cpp: At global scope:
danimwidget.cpp:112: warning: unused parameter 'e'
make[3]: *** [.obj/danimwidget.o] Error 1
make[2]: *** [sub-dgui-make_default] Error 2
make[1]: *** [sub-dartlib-make_default] Error 2
make: *** [sub-src-make_default] Error 2
Error
------ dmesg --------
agpgart: Putting AGP V3 device at 0000:00:00.0 into 8x mode agpgart: Putting AGP V3 device at 0000:01:00.0 into 8x mode agpgart: Found an AGP 3.0 compliant device at 0000:00:00.0. agpgart: Putting AGP V3 device at 0000:00:00.0 into 8x mode agpgart: Putting AGP V3 device at 0000:01:00.0 into 8x mode NET: Registered protocol family 10 Disabled Privacy Extensions on device ffffffff80380f00(lo) IPv6 over IPv4 tunneling driver PPP BSD Compression module registered PPP Deflate Compression module registered
---------------------
Using Qt: 4.1.0
Wed Feb 22 16:29:45 COT 2006
###################################
-> Using DEBUG support
###################################
Cleaning...
Compiling DOMS 0.1alpha-svn...
Go for a coffee cup ;)
ccbutton.cpp: In member function `virtual QSize CCButton::sizeHint() const':
ccbutton.cpp:116: warning: unused variable 'radio'
ccbutton.cpp: At global scope:
ccbutton.cpp:207: warning: unused parameter 'e'
danimwidget.cpp: In member function `virtual void DAnimWidget::timerEvent(QTimerEvent*)':
danimwidget.cpp:117: warning: converting to `int' from `qreal'
danimwidget.cpp: At global scope:
danimwidget.cpp:112: warning: unused parameter 'e'
dcolorbutton.cpp: In member function `virtual void DColorButton::mouseMoveEvent(QMouseEvent*)':
dcolorbutton.cpp:167: warning: unused variable 'dropAction'
dcolorbutton.cpp: At global scope:
dcolorbutton.cpp:97: warning: unused parameter 'e'
dflatbutton.cpp:41: warning: unused parameter 'e'
dgradientcreator.cpp: In member function `void DGradientCreator::setGradient(const QGradient&)':
dgradientcreator.cpp:175: warning: passing `qreal' for converting 1 of `void SpinControl::setRadius(int)'
dgradientcreator.cpp:178: warning: passing `qreal' for converting 1 of `void SpinControl::setAngle(int)'
dgradientcreator.h: At global scope:
dgradientcreator.h:168: warning: unused parameter 'parent'
dgradientcreator.h: In member function `void DGradientCreator::changeType(int)':
dgradientcreator.h:217: warning: enumeration value `NoGradient' not handled in switch
dgradientcreator.h: In member function `void DGradientCreator::setGradient(const QGradient&)':
dgradientcreator.h:217: warning: enumeration value `NoGradient' not handled in switch
dgradientcreator.h: In constructor `DGradientCreator::DGradientCreator(QWidget*)':
dgradientcreator.h:217: warning: enumeration value `NoGradient' not handled in switch
dgradientcreator.h: In constructor `DGradientCreator::DGradientCreator(QWidget*)':
dgradientcreator.h:217: warning: enumeration value `NoGradient' not handled in switch
dgradientselector.cpp: In member function `virtual void DGradientSelector::resizeEvent(QResizeEvent*)':
dgradientselector.cpp:246: warning: passing `double' for converting 1 of `QPoint DGradientSelector::calcArrowPos(int)'
dgradientselector.cpp: In member function `void DGradientSelector::createGradient()':
dgradientselector.cpp:323: warning: passing `double' for converting 1 of `double DGradientSelector::valueToGradient(int) const'
dgradientselector.cpp: In member function `void DGradientSelector::setStops(const QGradientStops&)':
dgradientselector.cpp:378: warning: passing `double' for converting 1 of `QPoint DGradientSelector::calcArrowPos(int)'
dgradientviewer.cpp: In member function `void DGradientViewer::setGradient(const QGradient*)':
dgradientviewer.cpp:221: warning: converting to `int' from `qreal'
dgradientviewer.cpp:228: warning: converting to `int' from `qreal'
dimagebutton.cpp: In constructor `DImageButton::Animation::Animation(int)':
dimagebutton.cpp:57: warning: `DImageButton::Animation::m_interval' will be initialized after
dimagebutton.cpp:54: warning:   `bool DImageButton::Animation::aBeginning'
dimagebutton.cpp:38: warning:   when initialized here
dtabdialog.cpp:42: warning: unused parameter 'parent'
dtabdialog.cpp:42: warning: unused parameter 'parent'
dtreelistwidget.cpp: In member function `QList<QTreeWidgetItem*> DTreeListWidget::topLevelItems()':
dtreelistwidget.cpp:105: warning: comparison between signed and unsigned integer expressions
dbrushadjuster.cpp: In static member function `static QBrush DBrushAdjuster::adjustBrush(const QBrush&, const QRect&)':
dbrushadjuster.cpp:60: warning: unused variable 'factor'
ddebug.cpp: In member function `DDebug& DDebug::operator<<(const QGradient*)':
ddebug.cpp:315: warning: enumeration value `NoGradient' not handled in switch
ddebug.cpp:316: warning: control reaches end of non-void function
dgradientadjuster.cpp: In static member function `static QLinearGradient DGradientAdjuster::adjustGradient(const QLinearGradient&, const QRect&)':
dgradientadjuster.cpp:62: warning: unused variable 'offset'
dgradientadjuster.cpp: In static member function `static QRadialGradient DGradientAdjuster::adjustGradient(const QRadialGradient&, const QRect&)':
dgradientadjuster.cpp:87: warning: converting to `int' from `qreal'
dgradientadjuster.cpp: In static member function `static QLinearGradient DGradientAdjuster::mapGradient(const QLinearGradient&, const QMatrix&)':
dgradientadjuster.cpp:136: warning: unused variable 'offset'
dgradientadjuster.cpp: In static member function `static QGradient DGradientAdjuster::mapGradient(const QGradient*, const QMatrix&)':
dgradientadjuster.cpp:129: warning: enumeration value `NoGradient' not handled in switch
dgradientadjuster.cpp: In static member function `static QGradient DGradientAdjuster::adjustGradient(const QGradient*, const QRect&)':
dgradientadjuster.cpp:55: warning: enumeration value `NoGradient' not handled in switch
dthemedocument.cpp: In member function `void DThemeDocument::addGeneralSection(ThemeKey)':
dthemedocument.cpp:56: warning: comparison between signed and unsigned integer expressions
dthemedocument.cpp: In member function `void DThemeDocument::addEffectsSection(ThemeKey)':
dthemedocument.cpp:70: warning: comparison between signed and unsigned integer expressions
dthemedocument.cpp: In member function `void DThemeDocument::addSelections(ThemeKey)':
dthemedocument.cpp:84: warning: comparison between signed and unsigned integer expressions
dthemedocument.cpp: In member function `void DThemeDocument::addTextEffect(ThemeKey)':
dthemedocument.cpp:98: warning: comparison between signed and unsigned integer expressions
kimageeffect.cpp: In static member function `static QImage KImageEffect::gradient(const QSize&, const QColor&, const QColor&, KImageEffect::GradientType, int)':
kimageeffect.cpp:302: warning: address requested for `y', which is declared `register'
kimageeffect.cpp: In static member function `static QImage KImageEffect::oilPaintConvolve(QImage&, double)':
kimageeffect.cpp:3614: warning: unused variable 'count'
kimageeffect.cpp:3615: warning: unused variable 'histogram'
kimageeffect.cpp:3616: warning: unused variable 'k'
kimageeffect.cpp:3618: warning: unused variable 'x'
kimageeffect.cpp:3618: warning: unused variable 'y'
kimageeffect.cpp:3618: warning: unused variable 'mx'
kimageeffect.cpp:3618: warning: unused variable 'my'
kimageeffect.cpp:3618: warning: unused variable 'sx'
kimageeffect.cpp:3618: warning: unused variable 'sy'
kimageeffect.cpp:3619: warning: unused variable 'mcx'
kimageeffect.cpp:3619: warning: unused variable 'mcy'
kimageeffect.cpp:3620: warning: unused variable 's'
kimageeffect.cpp:3620: warning: unused variable 'q'
kimageeffect.cpp: In static member function `static QImage KImageEffect::blur(QImage&, double, double)':
kimageeffect.cpp:4259: warning: unused variable 'x'
kimageeffect.cpp: At global scope:
kimageeffect.cpp:4749: warning: unused parameter 'bpp'
kimageeffect.cpp:4749: warning: unused parameter 'has_alpha'
kimageeffect.cpp:4330: warning: unused parameter 'image'
kimageeffect.cpp:4330: warning: unused parameter 'dest'
kimageeffect.cpp:4330: warning: unused parameter 'order'
kimageeffect.cpp:4330: warning: unused parameter 'kernel'
speller.cpp:33:2: warning: #warning NO ASPELL/ISPELL MACROS DEFINED!
Compiling successful! Time: 88 seconds
Using Qt: 4.1.0
Wed Feb 22 16:38:42 COT 2006
###################################
-> Using DEBUG support
###################################
Compiling DOMS 0.1alpha-svn...
Go for a coffee cup ;)
Compiling successful! Time: 4 seconds
Using Qt: 4.1.0
Wed Feb 22 16:39:36 COT 2006
###################################
-> Using DEBUG support
###################################
Compiling DOMS 0.1alpha-svn...
Go for a coffee cup ;)
Compiling successful! Time: 4 seconds
Using Qt: 4.1.0
Wed Feb 22 16:44:39 COT 2006
###################################
-> Using DEBUG support
###################################
Compiling DOMS 0.1alpha-svn...
Go for a coffee cup ;)
Compiling successful! Time: 4 seconds
Using Qt: 4.1.0
Wed Feb 22 16:45:23 COT 2006
###################################
-> Using DEBUG support
###################################
Compiling DOMS 0.1alpha-svn...
Go for a coffee cup ;)
Compiling successful! Time: 4 seconds
Using Qt: 4.1.0
Wed Feb 22 22:04:10 COT 2006
###################################
-> Using DEBUG support
###################################
Compiling DOMS 0.1alpha-svn...
Go for a coffee cup ;)
Compiling successful! Time: 4 seconds
You're using Qt 3
Please install Qt >= 4.1 or set QTDIR to Qt4 installation path
Using Qt: 4.1.1
Sat Feb 25 01:06:34 COT 2006
###################################
-> Using DEBUG support
###################################
Cleaning...
Compiling DOMS 0.1alpha-svn...
Go for a coffee cup ;)
ccbutton.cpp: In member function `virtual QSize CCButton::sizeHint() const':
ccbutton.cpp:116: warning: unused variable 'radio'
ccbutton.cpp: At global scope:
ccbutton.cpp:207: warning: unused parameter 'e'
danimwidget.cpp: In member function `virtual void DAnimWidget::timerEvent(QTimerEvent*)':
danimwidget.cpp:117: warning: converting to `int' from `qreal'
danimwidget.cpp: At global scope:
danimwidget.cpp:112: warning: unused parameter 'e'
dcolorbutton.cpp: In member function `virtual void DColorButton::mouseMoveEvent(QMouseEvent*)':
dcolorbutton.cpp:167: warning: unused variable 'dropAction'
dcolorbutton.cpp: At global scope:
dcolorbutton.cpp:97: warning: unused parameter 'e'
dflatbutton.cpp:41: warning: unused parameter 'e'
dgradientcreator.cpp: In member function `void DGradientCreator::setGradient(const QGradient&)':
dgradientcreator.cpp:175: warning: passing `qreal' for converting 1 of `void SpinControl::setRadius(int)'
dgradientcreator.cpp:178: warning: passing `qreal' for converting 1 of `void SpinControl::setAngle(int)'
dgradientcreator.h: At global scope:
dgradientcreator.h:168: warning: unused parameter 'parent'
dgradientcreator.h: In member function `void DGradientCreator::changeType(int)':
dgradientcreator.h:217: warning: enumeration value `NoGradient' not handled in switch
dgradientcreator.h: In member function `void DGradientCreator::setGradient(const QGradient&)':
dgradientcreator.h:217: warning: enumeration value `NoGradient' not handled in switch
dgradientcreator.h: In constructor `DGradientCreator::DGradientCreator(QWidget*)':
dgradientcreator.h:217: warning: enumeration value `NoGradient' not handled in switch
dgradientcreator.h: In constructor `DGradientCreator::DGradientCreator(QWidget*)':
dgradientcreator.h:217: warning: enumeration value `NoGradient' not handled in switch
dgradientselector.cpp: In member function `virtual void DGradientSelector::resizeEvent(QResizeEvent*)':
dgradientselector.cpp:246: warning: passing `double' for converting 1 of `QPoint DGradientSelector::calcArrowPos(int)'
dgradientselector.cpp: In member function `void DGradientSelector::createGradient()':
dgradientselector.cpp:323: warning: passing `double' for converting 1 of `double DGradientSelector::valueToGradient(int) const'
dgradientselector.cpp: In member function `void DGradientSelector::setStops(const QGradientStops&)':
dgradientselector.cpp:378: warning: passing `double' for converting 1 of `QPoint DGradientSelector::calcArrowPos(int)'
dgradientviewer.cpp: In member function `void DGradientViewer::setGradient(const QGradient*)':
dgradientviewer.cpp:221: warning: converting to `int' from `qreal'
dgradientviewer.cpp:228: warning: converting to `int' from `qreal'
dimagebutton.cpp: In constructor `DImageButton::Animation::Animation(int)':
dimagebutton.cpp:57: warning: `DImageButton::Animation::m_interval' will be initialized after
dimagebutton.cpp:54: warning:   `bool DImageButton::Animation::aBeginning'
dimagebutton.cpp:38: warning:   when initialized here
dtabdialog.cpp:42: warning: unused parameter 'parent'
dtabdialog.cpp:42: warning: unused parameter 'parent'
dtreelistwidget.cpp: In member function `QList<QTreeWidgetItem*> DTreeListWidget::topLevelItems()':
dtreelistwidget.cpp:105: warning: comparison between signed and unsigned integer expressions
dbrushadjuster.cpp: In static member function `static QBrush DBrushAdjuster::adjustBrush(const QBrush&, const QRect&)':
dbrushadjuster.cpp:60: warning: unused variable 'factor'
ddebug.cpp: In member function `DDebug& DDebug::operator<<(const QGradient*)':
ddebug.cpp:315: warning: enumeration value `NoGradient' not handled in switch
ddebug.cpp:316: warning: control reaches end of non-void function
dgradientadjuster.cpp: In static member function `static QLinearGradient DGradientAdjuster::adjustGradient(const QLinearGradient&, const QRect&)':
dgradientadjuster.cpp:62: warning: unused variable 'offset'
dgradientadjuster.cpp: In static member function `static QRadialGradient DGradientAdjuster::adjustGradient(const QRadialGradient&, const QRect&)':
dgradientadjuster.cpp:87: warning: converting to `int' from `qreal'
dgradientadjuster.cpp: In static member function `static QLinearGradient DGradientAdjuster::mapGradient(const QLinearGradient&, const QMatrix&)':
dgradientadjuster.cpp:136: warning: unused variable 'offset'
dgradientadjuster.cpp: In static member function `static QGradient DGradientAdjuster::mapGradient(const QGradient*, const QMatrix&)':
dgradientadjuster.cpp:129: warning: enumeration value `NoGradient' not handled in switch
dgradientadjuster.cpp: In static member function `static QGradient DGradientAdjuster::adjustGradient(const QGradient*, const QRect&)':
dgradientadjuster.cpp:55: warning: enumeration value `NoGradient' not handled in switch
dthemedocument.cpp: In member function `void DThemeDocument::addGeneralSection(ThemeKey)':
dthemedocument.cpp:56: warning: comparison between signed and unsigned integer expressions
dthemedocument.cpp: In member function `void DThemeDocument::addEffectsSection(ThemeKey)':
dthemedocument.cpp:70: warning: comparison between signed and unsigned integer expressions
dthemedocument.cpp: In member function `void DThemeDocument::addSelections(ThemeKey)':
dthemedocument.cpp:84: warning: comparison between signed and unsigned integer expressions
dthemedocument.cpp: In member function `void DThemeDocument::addTextEffect(ThemeKey)':
dthemedocument.cpp:98: warning: comparison between signed and unsigned integer expressions
kimageeffect.cpp: In static member function `static QImage KImageEffect::gradient(const QSize&, const QColor&, const QColor&, KImageEffect::GradientType, int)':
kimageeffect.cpp:302: warning: address requested for `y', which is declared `register'
kimageeffect.cpp: In static member function `static QImage KImageEffect::oilPaintConvolve(QImage&, double)':
kimageeffect.cpp:3614: warning: unused variable 'count'
kimageeffect.cpp:3615: warning: unused variable 'histogram'
kimageeffect.cpp:3616: warning: unused variable 'k'
kimageeffect.cpp:3618: warning: unused variable 'x'
kimageeffect.cpp:3618: warning: unused variable 'y'
kimageeffect.cpp:3618: warning: unused variable 'mx'
kimageeffect.cpp:3618: warning: unused variable 'my'
kimageeffect.cpp:3618: warning: unused variable 'sx'
kimageeffect.cpp:3618: warning: unused variable 'sy'
kimageeffect.cpp:3619: warning: unused variable 'mcx'
kimageeffect.cpp:3619: warning: unused variable 'mcy'
kimageeffect.cpp:3620: warning: unused variable 's'
kimageeffect.cpp:3620: warning: unused variable 'q'
kimageeffect.cpp: In static member function `static QImage KImageEffect::blur(QImage&, double, double)':
kimageeffect.cpp:4259: warning: unused variable 'x'
kimageeffect.cpp: At global scope:
kimageeffect.cpp:4749: warning: unused parameter 'bpp'
kimageeffect.cpp:4749: warning: unused parameter 'has_alpha'
kimageeffect.cpp:4330: warning: unused parameter 'image'
kimageeffect.cpp:4330: warning: unused parameter 'dest'
kimageeffect.cpp:4330: warning: unused parameter 'order'
kimageeffect.cpp:4330: warning: unused parameter 'kernel'
speller.cpp:33:2: warning: #warning NO ASPELL/ISPELL MACROS DEFINED!
Compiling successful! Time: 98 seconds
Using Qt: 4.1.1
Sat Feb 25 01:08:49 COT 2006
###################################
-> Using DEBUG support
###################################
Cleaning...
Compiling DOMS 0.1alpha-svn...
Go for a coffee cup ;)
ccbutton.cpp: In member function `virtual QSize CCButton::sizeHint() const':
ccbutton.cpp:116: warning: unused variable 'radio'
ccbutton.cpp: At global scope:
ccbutton.cpp:207: warning: unused parameter 'e'
danimwidget.cpp: In member function `virtual void DAnimWidget::timerEvent(QTimerEvent*)':
danimwidget.cpp:117: warning: converting to `int' from `qreal'
danimwidget.cpp: At global scope:
danimwidget.cpp:112: warning: unused parameter 'e'
dcolorbutton.cpp: In member function `virtual void DColorButton::mouseMoveEvent(QMouseEvent*)':
dcolorbutton.cpp:167: warning: unused variable 'dropAction'
dcolorbutton.cpp: At global scope:
dcolorbutton.cpp:97: warning: unused parameter 'e'
dflatbutton.cpp:41: warning: unused parameter 'e'
dgradientcreator.cpp: In member function `void DGradientCreator::setGradient(const QGradient&)':
dgradientcreator.cpp:175: warning: passing `qreal' for converting 1 of `void SpinControl::setRadius(int)'
dgradientcreator.cpp:178: warning: passing `qreal' for converting 1 of `void SpinControl::setAngle(int)'
dgradientcreator.h: At global scope:
dgradientcreator.h:168: warning: unused parameter 'parent'
dgradientcreator.h: In member function `void DGradientCreator::changeType(int)':
dgradientcreator.h:217: warning: enumeration value `NoGradient' not handled in switch
dgradientcreator.h: In member function `void DGradientCreator::setGradient(const QGradient&)':
dgradientcreator.h:217: warning: enumeration value `NoGradient' not handled in switch
dgradientcreator.h: In constructor `DGradientCreator::DGradientCreator(QWidget*)':
dgradientcreator.h:217: warning: enumeration value `NoGradient' not handled in switch
dgradientcreator.h: In constructor `DGradientCreator::DGradientCreator(QWidget*)':
dgradientcreator.h:217: warning: enumeration value `NoGradient' not handled in switch
dgradientselector.cpp: In member function `virtual void DGradientSelector::resizeEvent(QResizeEvent*)':
dgradientselector.cpp:246: warning: passing `double' for converting 1 of `QPoint DGradientSelector::calcArrowPos(int)'
dgradientselector.cpp: In member function `void DGradientSelector::createGradient()':
dgradientselector.cpp:323: warning: passing `double' for converting 1 of `double DGradientSelector::valueToGradient(int) const'
dgradientselector.cpp: In member function `void DGradientSelector::setStops(const QGradientStops&)':
dgradientselector.cpp:378: warning: passing `double' for converting 1 of `QPoint DGradientSelector::calcArrowPos(int)'
dgradientviewer.cpp: In member function `void DGradientViewer::setGradient(const QGradient*)':
dgradientviewer.cpp:221: warning: converting to `int' from `qreal'
dgradientviewer.cpp:228: warning: converting to `int' from `qreal'
dimagebutton.cpp: In constructor `DImageButton::Animation::Animation(int)':
dimagebutton.cpp:57: warning: `DImageButton::Animation::m_interval' will be initialized after
dimagebutton.cpp:54: warning:   `bool DImageButton::Animation::aBeginning'
dimagebutton.cpp:38: warning:   when initialized here
dtabdialog.cpp:42: warning: unused parameter 'parent'
dtabdialog.cpp:42: warning: unused parameter 'parent'
dtreelistwidget.cpp: In member function `QList<QTreeWidgetItem*> DTreeListWidget::topLevelItems()':
dtreelistwidget.cpp:105: warning: comparison between signed and unsigned integer expressions
dbrushadjuster.cpp: In static member function `static QBrush DBrushAdjuster::adjustBrush(const QBrush&, const QRect&)':
dbrushadjuster.cpp:60: warning: unused variable 'factor'
ddebug.cpp: In member function `DDebug& DDebug::operator<<(const QGradient*)':
ddebug.cpp:315: warning: enumeration value `NoGradient' not handled in switch
ddebug.cpp:316: warning: control reaches end of non-void function
dgradientadjuster.cpp: In static member function `static QLinearGradient DGradientAdjuster::adjustGradient(const QLinearGradient&, const QRect&)':
dgradientadjuster.cpp:62: warning: unused variable 'offset'
dgradientadjuster.cpp: In static member function `static QRadialGradient DGradientAdjuster::adjustGradient(const QRadialGradient&, const QRect&)':
dgradientadjuster.cpp:87: warning: converting to `int' from `qreal'
dgradientadjuster.cpp: In static member function `static QLinearGradient DGradientAdjuster::mapGradient(const QLinearGradient&, const QMatrix&)':
dgradientadjuster.cpp:136: warning: unused variable 'offset'
dgradientadjuster.cpp: In static member function `static QGradient DGradientAdjuster::mapGradient(const QGradient*, const QMatrix&)':
dgradientadjuster.cpp:129: warning: enumeration value `NoGradient' not handled in switch
dgradientadjuster.cpp: In static member function `static QGradient DGradientAdjuster::adjustGradient(const QGradient*, const QRect&)':
dgradientadjuster.cpp:55: warning: enumeration value `NoGradient' not handled in switch
dthemedocument.cpp: In member function `void DThemeDocument::addGeneralSection(ThemeKey)':
dthemedocument.cpp:56: warning: comparison between signed and unsigned integer expressions
dthemedocument.cpp: In member function `void DThemeDocument::addEffectsSection(ThemeKey)':
dthemedocument.cpp:70: warning: comparison between signed and unsigned integer expressions
dthemedocument.cpp: In member function `void DThemeDocument::addSelections(ThemeKey)':
dthemedocument.cpp:84: warning: comparison between signed and unsigned integer expressions
dthemedocument.cpp: In member function `void DThemeDocument::addTextEffect(ThemeKey)':
dthemedocument.cpp:98: warning: comparison between signed and unsigned integer expressions
kimageeffect.cpp: In static member function `static QImage KImageEffect::gradient(const QSize&, const QColor&, const QColor&, KImageEffect::GradientType, int)':
kimageeffect.cpp:302: warning: address requested for `y', which is declared `register'
kimageeffect.cpp: In static member function `static QImage KImageEffect::oilPaintConvolve(QImage&, double)':
kimageeffect.cpp:3614: warning: unused variable 'count'
kimageeffect.cpp:3615: warning: unused variable 'histogram'
kimageeffect.cpp:3616: warning: unused variable 'k'
kimageeffect.cpp:3618: warning: unused variable 'x'
kimageeffect.cpp:3618: warning: unused variable 'y'
kimageeffect.cpp:3618: warning: unused variable 'mx'
kimageeffect.cpp:3618: warning: unused variable 'my'
kimageeffect.cpp:3618: warning: unused variable 'sx'
kimageeffect.cpp:3618: warning: unused variable 'sy'
kimageeffect.cpp:3619: warning: unused variable 'mcx'
kimageeffect.cpp:3619: warning: unused variable 'mcy'
kimageeffect.cpp:3620: warning: unused variable 's'
kimageeffect.cpp:3620: warning: unused variable 'q'
kimageeffect.cpp: In static member function `static QImage KImageEffect::blur(QImage&, double, double)':
kimageeffect.cpp:4259: warning: unused variable 'x'
kimageeffect.cpp: At global scope:
kimageeffect.cpp:4749: warning: unused parameter 'bpp'
kimageeffect.cpp:4749: warning: unused parameter 'has_alpha'
kimageeffect.cpp:4330: warning: unused parameter 'image'
kimageeffect.cpp:4330: warning: unused parameter 'dest'
kimageeffect.cpp:4330: warning: unused parameter 'order'
kimageeffect.cpp:4330: warning: unused parameter 'kernel'
speller.cpp:33:2: warning: #warning NO ASPELL/ISPELL MACROS DEFINED!
Compiling successful! Time: 101 seconds
Using Qt: 4.1.1
mar feb 28 18:10:10 COT 2006
###################################
-> Using DEBUG support
###################################
Cleaning...
Compiling DOMS 0.1alpha-svn...
Go for a coffee cup ;)
ccbutton.cpp: En la función miembro `virtual QSize CCButton::sizeHint() const':
ccbutton.cpp:116: aviso: unused variable `int radio'
ccbutton.cpp: En la función miembro `virtual void 
   CCButton::paintEvent(QPaintEvent*)':
ccbutton.cpp:207: aviso: unused parameter `QPaintEvent*e'
danimwidget.cpp: En member function `virtual void 
   DAnimWidget::timerEvent(QTimerEvent*)':
danimwidget.cpp:117: aviso: converting to `int' from `qreal'
danimwidget.cpp:112: aviso: unused parameter `QTimerEvent*e'
dcolorbutton.cpp: En la función miembro `virtual void 
   DColorButton::paintEvent(QPaintEvent*)':
dcolorbutton.cpp:97: aviso: unused parameter `QPaintEvent*e'
dcolorbutton.cpp: En la función miembro `virtual void 
   DColorButton::mouseMoveEvent(QMouseEvent*)':
dcolorbutton.cpp:167: aviso: unused variable `Qt::DropAction dropAction'
dflatbutton.cpp: En la función miembro `virtual void 
   DFlatButton::paintEvent(QPaintEvent*)':
dflatbutton.cpp:41: aviso: unused parameter `QPaintEvent*e'
dgradientcreator.cpp: En member function `void 
   DGradientCreator::setGradient(const QGradient&)':
dgradientcreator.cpp:175: aviso: passing `qreal' for converting 1 of `void 
   SpinControl::setRadius(int)'
dgradientcreator.cpp:178: aviso: passing `qreal' for converting 1 of `void 
   SpinControl::setAngle(int)'
dgradientcreator.h: En member function `void 
   SpinControl::setSpin(QGradient::Type)':
dgradientcreator.h:217: aviso: enumeration value `NoGradient' not handled in 
   switch
dgradientselector.cpp: En member function `virtual void 
   DGradientSelector::resizeEvent(QResizeEvent*)':
dgradientselector.cpp:246: aviso: passing `double' for converting 1 of `QPoint 
   DGradientSelector::calcArrowPos(int)'
dgradientselector.cpp: En member function `void 
   DGradientSelector::createGradient()':
dgradientselector.cpp:323: aviso: passing `double' for converting 1 of `double 
   DGradientSelector::valueToGradient(int) const'
dgradientselector.cpp: En member function `void 
   DGradientSelector::setStops(const QGradientStops&)':
dgradientselector.cpp:378: aviso: passing `double' for converting 1 of `QPoint 
   DGradientSelector::calcArrowPos(int)'
dgradientviewer.cpp: En member function `void 
   DGradientViewer::setGradient(const QGradient*)':
dgradientviewer.cpp:221: aviso: converting to `int' from `qreal'
dgradientviewer.cpp:228: aviso: converting to `int' from `qreal'
dimagebutton.cpp: En constructor `DImageButton::Animation::Animation(int)':
dimagebutton.cpp:57: aviso: `DImageButton::Animation::m_interval' will be 
   initialized after
dimagebutton.cpp:54: aviso:   `bool DImageButton::Animation::aBeginning'
dimagebutton.cpp:38: aviso:   when initialized here
dtabdialog.cpp: En la función miembro `DTabDialog::DTabDialog(int, QWidget*, 
   bool)':
dtabdialog.cpp:42: aviso: unused parameter `QWidget*parent'
dtreelistwidget.cpp: En member function `QList<QTreeWidgetItem*> 
   DTreeListWidget::topLevelItems()':
dtreelistwidget.cpp:105: aviso: comparison between signed and unsigned integer 
   expressions
dbrushadjuster.cpp: En la función `static QBrush 
   DBrushAdjuster::adjustBrush(const QBrush&, const QRect&)':
dbrushadjuster.cpp:60: aviso: unused variable `float factor'
ddebug.cpp: En member function `DDebug& DDebug::operator<<(const QGradient*)':
ddebug.cpp:315: aviso: enumeration value `NoGradient' not handled in switch
ddebug.cpp:316: aviso: control reaches end of non-void function
dgradientadjuster.cpp: En static member function `static QGradient 
   DGradientAdjuster::adjustGradient(const QGradient*, const QRect&)':
dgradientadjuster.cpp:55: aviso: enumeration value `NoGradient' not handled in 
   switch
dgradientadjuster.cpp: En la función `static QLinearGradient 
   DGradientAdjuster::adjustGradient(const QLinearGradient&, const QRect&)':
dgradientadjuster.cpp:62: aviso: unused variable `const float offset'
dgradientadjuster.cpp: En static member function `static QRadialGradient 
   DGradientAdjuster::adjustGradient(const QRadialGradient&, const QRect&)':
dgradientadjuster.cpp:87: aviso: converting to `int' from `qreal'
dgradientadjuster.cpp: En static member function `static QGradient 
   DGradientAdjuster::mapGradient(const QGradient*, const QMatrix&)':
dgradientadjuster.cpp:129: aviso: enumeration value `NoGradient' not handled in 
   switch
dgradientadjuster.cpp: En la función `static QLinearGradient 
   DGradientAdjuster::mapGradient(const QLinearGradient&, const QMatrix&)':
dgradientadjuster.cpp:136: aviso: unused variable `const float offset'
dthemedocument.cpp: En member function `void 
   DThemeDocument::addGeneralSection(QMap<QString, QString>)':
dthemedocument.cpp:56: aviso: comparison between signed and unsigned integer 
   expressions
dthemedocument.cpp: En member function `void 
   DThemeDocument::addEffectsSection(QMap<QString, QString>)':
dthemedocument.cpp:70: aviso: comparison between signed and unsigned integer 
   expressions
dthemedocument.cpp: En member function `void 
   DThemeDocument::addSelections(QMap<QString, QString>)':
dthemedocument.cpp:84: aviso: comparison between signed and unsigned integer 
   expressions
dthemedocument.cpp: En member function `void 
   DThemeDocument::addTextEffect(QMap<QString, QString>)':
dthemedocument.cpp:98: aviso: comparison between signed and unsigned integer 
   expressions
kcpuinfo.cpp:44: aviso: `void sighandler(int)' defined but not used
kimageeffect.cpp: En static member function `static QImage 
   KImageEffect::gradient(const QSize&, const QColor&, const QColor&, 
   KImageEffect::GradientType, int)':
kimageeffect.cpp:302: aviso: address requested for `y', which is declared 
   `register'
kimageeffect.cpp: En la función `static QImage 
   KImageEffect::oilPaintConvolve(QImage&, double)':
kimageeffect.cpp:3614: aviso: unused variable `long unsigned int count'
kimageeffect.cpp:3615: aviso: unused variable `long unsigned int histogram[256]
   '
kimageeffect.cpp:3616: aviso: unused variable `unsigned int k'
kimageeffect.cpp:3618: aviso: unused variable `int x'
kimageeffect.cpp:3618: aviso: unused variable `int y'
kimageeffect.cpp:3618: aviso: unused variable `int mx'
kimageeffect.cpp:3618: aviso: unused variable `int my'
kimageeffect.cpp:3618: aviso: unused variable `int sx'
kimageeffect.cpp:3618: aviso: unused variable `int sy'
kimageeffect.cpp:3619: aviso: unused variable `int mcx'
kimageeffect.cpp:3619: aviso: unused variable `int mcy'
kimageeffect.cpp:3620: aviso: unused variable `unsigned int*s'
kimageeffect.cpp:3620: aviso: unused variable `unsigned int*q'
kimageeffect.cpp: En la función `static QImage KImageEffect::blur(QImage&, 
   double, double)':
kimageeffect.cpp:4259: aviso: unused variable `int x'
kimageeffect.cpp: En la función `static bool 
   KImageEffect::convolveImage(QImage*, QImage*, unsigned int, const double*)':
kimageeffect.cpp:4330: aviso: unused parameter `QImage*image'
kimageeffect.cpp:4330: aviso: unused parameter `QImage*dest'
kimageeffect.cpp:4330: aviso: unused parameter `const unsigned int order'
kimageeffect.cpp:4330: aviso: unused parameter `const double*kernel'
kimageeffect.cpp: En la función `void bumpmap_row(uint*, uint*, int, int, int, 
   uint*, uint*, uint*, int, int, bool, bool, int, bool, BumpmapParams*)':
kimageeffect.cpp:4749: aviso: unused parameter `int bpp'
kimageeffect.cpp:4749: aviso: unused parameter `int has_alpha'
speller.cpp:33:2: aviso: #warning NO ASPELL/ISPELL MACROS DEFINED!
buttonbar.cpp: En member function `virtual void Ideal::ButtonBar::deshrink(int, 
   int)':
buttonbar.cpp:289: aviso: comparison between signed and unsigned integer 
   expressions
ddockwindow.cpp: En la función miembro `void DDockInternalWidget::dialoged(int)
   ':
ddockwindow.cpp:523: aviso: unused parameter `int index'
Compiling successful! Time: 143 seconds
Using Qt: 4.1.1
mar feb 28 18:51:26 COT 2006
###################################
-> Using DEBUG support
###################################
